13:41:41 **** Incremental Build of configuration Debug for project Agenda ****
make all 
Building file: ../src/SGDBFichero.cpp
Invoking: Cross G++ Compiler
g++ -O0 -g3 -Wall -c -fmessage-length=0 -MMD -MP -MF"src/SGDBFichero.d" -MT"src/SGDBFichero.d" -o "src/SGDBFichero.o" "../src/SGDBFichero.cpp"
In file included from ../src/SGDBFichero.cpp:8:0:
../src/SGDBFichero.h: In member function ‘virtual Dentista::Agenda& Dentista::SGDBFichero::cargar()’:
../src/SGDBFichero.h:96:11: warning: reference to local variable ‘agAux’ returned [-Wreturn-local-addr]
    Agenda agAux;
           ^
Finished building: ../src/SGDBFichero.cpp
 
Building file: ../src/main.cpp
Invoking: Cross G++ Compiler
g++ -O0 -g3 -Wall -c -fmessage-length=0 -MMD -MP -MF"src/main.d" -MT"src/main.d" -o "src/main.o" "../src/main.cpp"
In file included from ../src/main.cpp:10:0:
../src/SGDBFichero.h: In member function ‘virtual Dentista::Agenda& Dentista::SGDBFichero::cargar()’:
../src/SGDBFichero.h:96:11: warning: reference to local variable ‘agAux’ returned [-Wreturn-local-addr]
    Agenda agAux;
           ^
Finished building: ../src/main.cpp
 
Building target: Agenda
Invoking: Cross G++ Linker
g++  -o "Agenda"  ./src/Agenda.o ./src/Contacto.o ./src/RedSocial.o ./src/SGDB.o ./src/SGDBFichero.o ./src/UI.o ./src/main.o   -lpthread
Finished building target: Agenda
 

13:41:42 Build Finished (took 1s.329ms)

