14:22:14 **** Incremental Build of configuration Debug for project Agenda ****
make all 
Building file: ../src/Contacto.cpp
Invoking: Cross G++ Compiler
g++ -O0 -g3 -Wall -c -fmessage-length=0 -MMD -MP -MF"src/Contacto.d" -MT"src/Contacto.d" -o "src/Contacto.o" "../src/Contacto.cpp"
Finished building: ../src/Contacto.cpp
 
Building target: Agenda
Invoking: Cross G++ Linker
g++  -o "Agenda"  ./src/Agenda.o ./src/Contacto.o ./src/Direccion.o ./src/RedSocial.o ./src/SGDB.o ./src/SGDBFichero.o ./src/UI.o ./src/main.o   -lpthread
Finished building target: Agenda
 
14:22:18 **** Incremental Build of configuration Debug for project Agenda ****
make all 
make: No se hace nada para «all».
14:26:47 **** Incremental Build of configuration Debug for project Agenda ****
make all 
Building file: ../src/Contacto.cpp
Invoking: Cross G++ Compiler
g++ -O0 -g3 -Wall -c -fmessage-length=0 -MMD -MP -MF"src/Contacto.d" -MT"src/Contacto.d" -o "src/Contacto.o" "../src/Contacto.cpp"
Finished building: ../src/Contacto.cpp
 
Building target: Agenda
Invoking: Cross G++ Linker
g++  -o "Agenda"  ./src/Agenda.o ./src/Contacto.o ./src/Direccion.o ./src/RedSocial.o ./src/SGDB.o ./src/SGDBFichero.o ./src/UI.o ./src/main.o   -lpthread
Finished building target: Agenda
 
14:37:17 **** Incremental Build of configuration Debug for project Agenda ****
make all 
Building file: ../src/Contacto.cpp
Invoking: Cross G++ Compiler
g++ -O0 -g3 -Wall -c -fmessage-length=0 -MMD -MP -MF"src/Contacto.d" -MT"src/Contacto.d" -o "src/Contacto.o" "../src/Contacto.cpp"
Finished building: ../src/Contacto.cpp
 
Building target: Agenda
Invoking: Cross G++ Linker
g++  -o "Agenda"  ./src/Agenda.o ./src/Contacto.o ./src/Direccion.o ./src/RedSocial.o ./src/SGDB.o ./src/SGDBFichero.o ./src/UI.o ./src/main.o   -lpthread
Finished building target: Agenda
 
14:37:55 **** Incremental Build of configuration Debug for project Agenda ****
make all 
Building file: ../src/Contacto.cpp
Invoking: Cross G++ Compiler
g++ -O0 -g3 -Wall -c -fmessage-length=0 -MMD -MP -MF"src/Contacto.d" -MT"src/Contacto.d" -o "src/Contacto.o" "../src/Contacto.cpp"
Finished building: ../src/Contacto.cpp
 
Building target: Agenda
Invoking: Cross G++ Linker
g++  -o "Agenda"  ./src/Agenda.o ./src/Contacto.o ./src/Direccion.o ./src/RedSocial.o ./src/SGDB.o ./src/SGDBFichero.o ./src/UI.o ./src/main.o   -lpthread
Finished building target: Agenda
 
14:38:38 **** Incremental Build of configuration Debug for project Agenda ****
make all 
Building file: ../src/Contacto.cpp
Invoking: Cross G++ Compiler
g++ -O0 -g3 -Wall -c -fmessage-length=0 -MMD -MP -MF"src/Contacto.d" -MT"src/Contacto.d" -o "src/Contacto.o" "../src/Contacto.cpp"
Finished building: ../src/Contacto.cpp
 
Building target: Agenda
Invoking: Cross G++ Linker
g++  -o "Agenda"  ./src/Agenda.o ./src/Contacto.o ./src/Direccion.o ./src/RedSocial.o ./src/SGDB.o ./src/SGDBFichero.o ./src/UI.o ./src/main.o   -lpthread
Finished building target: Agenda
 
14:41:10 **** Incremental Build of configuration Debug for project Agenda ****
make all 
Building file: ../src/Contacto.cpp
Invoking: Cross G++ Compiler
g++ -O0 -g3 -Wall -c -fmessage-length=0 -MMD -MP -MF"src/Contacto.d" -MT"src/Contacto.d" -o "src/Contacto.o" "../src/Contacto.cpp"
Finished building: ../src/Contacto.cpp
 
Building file: ../src/SGDBFichero.cpp
Invoking: Cross G++ Compiler
g++ -O0 -g3 -Wall -c -fmessage-length=0 -MMD -MP -MF"src/SGDBFichero.d" -MT"src/SGDBFichero.d" -o "src/SGDBFichero.o" "../src/SGDBFichero.cpp"
Finished building: ../src/SGDBFichero.cpp
 
Building file: ../src/main.cpp
Invoking: Cross G++ Compiler
g++ -O0 -g3 -Wall -c -fmessage-length=0 -MMD -MP -MF"src/main.d" -MT"src/main.d" -o "src/main.o" "../src/main.cpp"
Finished building: ../src/main.cpp
 
Building target: Agenda
Invoking: Cross G++ Linker
g++  -o "Agenda"  ./src/Agenda.o ./src/Contacto.o ./src/Direccion.o ./src/RedSocial.o ./src/SGDB.o ./src/SGDBFichero.o ./src/UI.o ./src/main.o   -lpthread
Finished building target: Agenda
 
14:41:40 **** Incremental Build of configuration Debug for project Agenda ****
make all 
Building file: ../src/SGDBFichero.cpp
Invoking: Cross G++ Compiler
g++ -O0 -g3 -Wall -c -fmessage-length=0 -MMD -MP -MF"src/SGDBFichero.d" -MT"src/SGDBFichero.d" -o "src/SGDBFichero.o" "../src/SGDBFichero.cpp"
Finished building: ../src/SGDBFichero.cpp
 
Building file: ../src/main.cpp
Invoking: Cross G++ Compiler
g++ -O0 -g3 -Wall -c -fmessage-length=0 -MMD -MP -MF"src/main.d" -MT"src/main.d" -o "src/main.o" "../src/main.cpp"
Finished building: ../src/main.cpp
 
Building target: Agenda
Invoking: Cross G++ Linker
g++  -o "Agenda"  ./src/Agenda.o ./src/Contacto.o ./src/Direccion.o ./src/RedSocial.o ./src/SGDB.o ./src/SGDBFichero.o ./src/UI.o ./src/main.o   -lpthread
Finished building target: Agenda
 
14:42:14 **** Incremental Build of configuration Debug for project Agenda ****
make all 
Building file: ../src/SGDBFichero.cpp
Invoking: Cross G++ Compiler
g++ -O0 -g3 -Wall -c -fmessage-length=0 -MMD -MP -MF"src/SGDBFichero.d" -MT"src/SGDBFichero.d" -o "src/SGDBFichero.o" "../src/SGDBFichero.cpp"
Finished building: ../src/SGDBFichero.cpp
 
Building file: ../src/main.cpp
Invoking: Cross G++ Compiler
g++ -O0 -g3 -Wall -c -fmessage-length=0 -MMD -MP -MF"src/main.d" -MT"src/main.d" -o "src/main.o" "../src/main.cpp"
Finished building: ../src/main.cpp
 
Building target: Agenda
Invoking: Cross G++ Linker
g++  -o "Agenda"  ./src/Agenda.o ./src/Contacto.o ./src/Direccion.o ./src/RedSocial.o ./src/SGDB.o ./src/SGDBFichero.o ./src/UI.o ./src/main.o   -lpthread
Finished building target: Agenda
 
14:42:27 **** Incremental Build of configuration Debug for project Agenda ****
make all 
Building file: ../src/SGDBFichero.cpp
Invoking: Cross G++ Compiler
g++ -O0 -g3 -Wall -c -fmessage-length=0 -MMD -MP -MF"src/SGDBFichero.d" -MT"src/SGDBFichero.d" -o "src/SGDBFichero.o" "../src/SGDBFichero.cpp"
Finished building: ../src/SGDBFichero.cpp
 
Building file: ../src/main.cpp
Invoking: Cross G++ Compiler
g++ -O0 -g3 -Wall -c -fmessage-length=0 -MMD -MP -MF"src/main.d" -MT"src/main.d" -o "src/main.o" "../src/main.cpp"
Finished building: ../src/main.cpp
 
Building target: Agenda
Invoking: Cross G++ Linker
g++  -o "Agenda"  ./src/Agenda.o ./src/Contacto.o ./src/Direccion.o ./src/RedSocial.o ./src/SGDB.o ./src/SGDBFichero.o ./src/UI.o ./src/main.o   -lpthread
Finished building target: Agenda
 
14:42:43 **** Incremental Build of configuration Debug for project Agenda ****
make all 
Building file: ../src/SGDBFichero.cpp
Invoking: Cross G++ Compiler
g++ -O0 -g3 -Wall -c -fmessage-length=0 -MMD -MP -MF"src/SGDBFichero.d" -MT"src/SGDBFichero.d" -o "src/SGDBFichero.o" "../src/SGDBFichero.cpp"
Finished building: ../src/SGDBFichero.cpp
 
Building file: ../src/main.cpp
Invoking: Cross G++ Compiler
g++ -O0 -g3 -Wall -c -fmessage-length=0 -MMD -MP -MF"src/main.d" -MT"src/main.d" -o "src/main.o" "../src/main.cpp"
Finished building: ../src/main.cpp
 
Building target: Agenda
Invoking: Cross G++ Linker
g++  -o "Agenda"  ./src/Agenda.o ./src/Contacto.o ./src/Direccion.o ./src/RedSocial.o ./src/SGDB.o ./src/SGDBFichero.o ./src/UI.o ./src/main.o   -lpthread
Finished building target: Agenda
 
14:43:03 **** Incremental Build of configuration Debug for project Agenda ****
make all 
Building file: ../src/SGDBFichero.cpp
Invoking: Cross G++ Compiler
g++ -O0 -g3 -Wall -c -fmessage-length=0 -MMD -MP -MF"src/SGDBFichero.d" -MT"src/SGDBFichero.d" -o "src/SGDBFichero.o" "../src/SGDBFichero.cpp"
Finished building: ../src/SGDBFichero.cpp
 
Building file: ../src/main.cpp
Invoking: Cross G++ Compiler
g++ -O0 -g3 -Wall -c -fmessage-length=0 -MMD -MP -MF"src/main.d" -MT"src/main.d" -o "src/main.o" "../src/main.cpp"
Finished building: ../src/main.cpp
 
Building target: Agenda
Invoking: Cross G++ Linker
g++  -o "Agenda"  ./src/Agenda.o ./src/Contacto.o ./src/Direccion.o ./src/RedSocial.o ./src/SGDB.o ./src/SGDBFichero.o ./src/UI.o ./src/main.o   -lpthread
Finished building target: Agenda
 
14:43:23 **** Incremental Build of configuration Debug for project Agenda ****
make all 
Building file: ../src/SGDBFichero.cpp
Invoking: Cross G++ Compiler
g++ -O0 -g3 -Wall -c -fmessage-length=0 -MMD -MP -MF"src/SGDBFichero.d" -MT"src/SGDBFichero.d" -o "src/SGDBFichero.o" "../src/SGDBFichero.cpp"
Finished building: ../src/SGDBFichero.cpp
 
Building file: ../src/main.cpp
Invoking: Cross G++ Compiler
g++ -O0 -g3 -Wall -c -fmessage-length=0 -MMD -MP -MF"src/main.d" -MT"src/main.d" -o "src/main.o" "../src/main.cpp"
Finished building: ../src/main.cpp
 
Building target: Agenda
Invoking: Cross G++ Linker
g++  -o "Agenda"  ./src/Agenda.o ./src/Contacto.o ./src/Direccion.o ./src/RedSocial.o ./src/SGDB.o ./src/SGDBFichero.o ./src/UI.o ./src/main.o   -lpthread
Finished building target: Agenda
 
14:43:58 **** Incremental Build of configuration Debug for project Agenda ****
make all 
Building file: ../src/SGDBFichero.cpp
Invoking: Cross G++ Compiler
g++ -O0 -g3 -Wall -c -fmessage-length=0 -MMD -MP -MF"src/SGDBFichero.d" -MT"src/SGDBFichero.d" -o "src/SGDBFichero.o" "../src/SGDBFichero.cpp"
Finished building: ../src/SGDBFichero.cpp
 
Building file: ../src/main.cpp
Invoking: Cross G++ Compiler
g++ -O0 -g3 -Wall -c -fmessage-length=0 -MMD -MP -MF"src/main.d" -MT"src/main.d" -o "src/main.o" "../src/main.cpp"
Finished building: ../src/main.cpp
 
Building target: Agenda
Invoking: Cross G++ Linker
g++  -o "Agenda"  ./src/Agenda.o ./src/Contacto.o ./src/Direccion.o ./src/RedSocial.o ./src/SGDB.o ./src/SGDBFichero.o ./src/UI.o ./src/main.o   -lpthread
Finished building target: Agenda
 
14:44:45 **** Incremental Build of configuration Debug for project Agenda ****
make all 
Building file: ../src/SGDBFichero.cpp
Invoking: Cross G++ Compiler
g++ -O0 -g3 -Wall -c -fmessage-length=0 -MMD -MP -MF"src/SGDBFichero.d" -MT"src/SGDBFichero.d" -o "src/SGDBFichero.o" "../src/SGDBFichero.cpp"
Finished building: ../src/SGDBFichero.cpp
 
Building file: ../src/main.cpp
Invoking: Cross G++ Compiler
g++ -O0 -g3 -Wall -c -fmessage-length=0 -MMD -MP -MF"src/main.d" -MT"src/main.d" -o "src/main.o" "../src/main.cpp"
Finished building: ../src/main.cpp
 
Building target: Agenda
Invoking: Cross G++ Linker
g++  -o "Agenda"  ./src/Agenda.o ./src/Contacto.o ./src/Direccion.o ./src/RedSocial.o ./src/SGDB.o ./src/SGDBFichero.o ./src/UI.o ./src/main.o   -lpthread
Finished building target: Agenda
 
14:45:03 **** Incremental Build of configuration Debug for project Agenda ****
make all 
Building file: ../src/SGDBFichero.cpp
Invoking: Cross G++ Compiler
g++ -O0 -g3 -Wall -c -fmessage-length=0 -MMD -MP -MF"src/SGDBFichero.d" -MT"src/SGDBFichero.d" -o "src/SGDBFichero.o" "../src/SGDBFichero.cpp"
Finished building: ../src/SGDBFichero.cpp
 
Building file: ../src/main.cpp
Invoking: Cross G++ Compiler
g++ -O0 -g3 -Wall -c -fmessage-length=0 -MMD -MP -MF"src/main.d" -MT"src/main.d" -o "src/main.o" "../src/main.cpp"
Finished building: ../src/main.cpp
 
Building target: Agenda
Invoking: Cross G++ Linker
g++  -o "Agenda"  ./src/Agenda.o ./src/Contacto.o ./src/Direccion.o ./src/RedSocial.o ./src/SGDB.o ./src/SGDBFichero.o ./src/UI.o ./src/main.o   -lpthread
Finished building target: Agenda
 
14:45:24 **** Incremental Build of configuration Debug for project Agenda ****
make all 
Building file: ../src/SGDBFichero.cpp
Invoking: Cross G++ Compiler
g++ -O0 -g3 -Wall -c -fmessage-length=0 -MMD -MP -MF"src/SGDBFichero.d" -MT"src/SGDBFichero.d" -o "src/SGDBFichero.o" "../src/SGDBFichero.cpp"
Finished building: ../src/SGDBFichero.cpp
 
Building file: ../src/main.cpp
Invoking: Cross G++ Compiler
g++ -O0 -g3 -Wall -c -fmessage-length=0 -MMD -MP -MF"src/main.d" -MT"src/main.d" -o "src/main.o" "../src/main.cpp"
Finished building: ../src/main.cpp
 
Building target: Agenda
Invoking: Cross G++ Linker
g++  -o "Agenda"  ./src/Agenda.o ./src/Contacto.o ./src/Direccion.o ./src/RedSocial.o ./src/SGDB.o ./src/SGDBFichero.o ./src/UI.o ./src/main.o   -lpthread
Finished building target: Agenda
 
14:46:23 **** Incremental Build of configuration Debug for project Agenda ****
make all 
Building file: ../src/SGDBFichero.cpp
Invoking: Cross G++ Compiler
g++ -O0 -g3 -Wall -c -fmessage-length=0 -MMD -MP -MF"src/SGDBFichero.d" -MT"src/SGDBFichero.d" -o "src/SGDBFichero.o" "../src/SGDBFichero.cpp"
Finished building: ../src/SGDBFichero.cpp
 
Building file: ../src/main.cpp
Invoking: Cross G++ Compiler
g++ -O0 -g3 -Wall -c -fmessage-length=0 -MMD -MP -MF"src/main.d" -MT"src/main.d" -o "src/main.o" "../src/main.cpp"
Finished building: ../src/main.cpp
 
Building target: Agenda
Invoking: Cross G++ Linker
g++  -o "Agenda"  ./src/Agenda.o ./src/Contacto.o ./src/Direccion.o ./src/RedSocial.o ./src/SGDB.o ./src/SGDBFichero.o ./src/UI.o ./src/main.o   -lpthread
Finished building target: Agenda
 
14:47:24 **** Incremental Build of configuration Debug for project Agenda ****
make all 
Building file: ../src/SGDBFichero.cpp
Invoking: Cross G++ Compiler
g++ -O0 -g3 -Wall -c -fmessage-length=0 -MMD -MP -MF"src/SGDBFichero.d" -MT"src/SGDBFichero.d" -o "src/SGDBFichero.o" "../src/SGDBFichero.cpp"
Finished building: ../src/SGDBFichero.cpp
 
Building file: ../src/main.cpp
Invoking: Cross G++ Compiler
g++ -O0 -g3 -Wall -c -fmessage-length=0 -MMD -MP -MF"src/main.d" -MT"src/main.d" -o "src/main.o" "../src/main.cpp"
Finished building: ../src/main.cpp
 
Building target: Agenda
Invoking: Cross G++ Linker
g++  -o "Agenda"  ./src/Agenda.o ./src/Contacto.o ./src/Direccion.o ./src/RedSocial.o ./src/SGDB.o ./src/SGDBFichero.o ./src/UI.o ./src/main.o   -lpthread
Finished building target: Agenda
 
14:47:42 **** Incremental Build of configuration Debug for project Agenda ****
make all 
Building file: ../src/SGDBFichero.cpp
Invoking: Cross G++ Compiler
g++ -O0 -g3 -Wall -c -fmessage-length=0 -MMD -MP -MF"src/SGDBFichero.d" -MT"src/SGDBFichero.d" -o "src/SGDBFichero.o" "../src/SGDBFichero.cpp"
Finished building: ../src/SGDBFichero.cpp
 
Building file: ../src/main.cpp
Invoking: Cross G++ Compiler
g++ -O0 -g3 -Wall -c -fmessage-length=0 -MMD -MP -MF"src/main.d" -MT"src/main.d" -o "src/main.o" "../src/main.cpp"
Finished building: ../src/main.cpp
 
Building target: Agenda
Invoking: Cross G++ Linker
g++  -o "Agenda"  ./src/Agenda.o ./src/Contacto.o ./src/Direccion.o ./src/RedSocial.o ./src/SGDB.o ./src/SGDBFichero.o ./src/UI.o ./src/main.o   -lpthread
Finished building target: Agenda
 
14:52:52 **** Incremental Build of configuration Debug for project Agenda ****
make all 
Building file: ../src/Contacto.cpp
Invoking: Cross G++ Compiler
g++ -O0 -g3 -Wall -c -fmessage-length=0 -MMD -MP -MF"src/Contacto.d" -MT"src/Contacto.d" -o "src/Contacto.o" "../src/Contacto.cpp"
Finished building: ../src/Contacto.cpp
 
Building target: Agenda
Invoking: Cross G++ Linker
g++  -o "Agenda"  ./src/Agenda.o ./src/Contacto.o ./src/Direccion.o ./src/RedSocial.o ./src/SGDB.o ./src/SGDBFichero.o ./src/UI.o ./src/main.o   -lpthread
Finished building target: Agenda
 
14:53:40 **** Incremental Build of configuration Debug for project Agenda ****
make all 
Building file: ../src/SGDBFichero.cpp
Invoking: Cross G++ Compiler
g++ -O0 -g3 -Wall -c -fmessage-length=0 -MMD -MP -MF"src/SGDBFichero.d" -MT"src/SGDBFichero.d" -o "src/SGDBFichero.o" "../src/SGDBFichero.cpp"
Finished building: ../src/SGDBFichero.cpp
 
Building file: ../src/main.cpp
Invoking: Cross G++ Compiler
g++ -O0 -g3 -Wall -c -fmessage-length=0 -MMD -MP -MF"src/main.d" -MT"src/main.d" -o "src/main.o" "../src/main.cpp"
Finished building: ../src/main.cpp
 
Building target: Agenda
Invoking: Cross G++ Linker
g++  -o "Agenda"  ./src/Agenda.o ./src/Contacto.o ./src/Direccion.o ./src/RedSocial.o ./src/SGDB.o ./src/SGDBFichero.o ./src/UI.o ./src/main.o   -lpthread
Finished building target: Agenda
 
14:54:00 **** Incremental Build of configuration Debug for project Agenda ****
make all 
Building file: ../src/SGDBFichero.cpp
Invoking: Cross G++ Compiler
g++ -O0 -g3 -Wall -c -fmessage-length=0 -MMD -MP -MF"src/SGDBFichero.d" -MT"src/SGDBFichero.d" -o "src/SGDBFichero.o" "../src/SGDBFichero.cpp"
Finished building: ../src/SGDBFichero.cpp
 
Building file: ../src/main.cpp
Invoking: Cross G++ Compiler
g++ -O0 -g3 -Wall -c -fmessage-length=0 -MMD -MP -MF"src/main.d" -MT"src/main.d" -o "src/main.o" "../src/main.cpp"
Finished building: ../src/main.cpp
 
Building target: Agenda
Invoking: Cross G++ Linker
g++  -o "Agenda"  ./src/Agenda.o ./src/Contacto.o ./src/Direccion.o ./src/RedSocial.o ./src/SGDB.o ./src/SGDBFichero.o ./src/UI.o ./src/main.o   -lpthread
Finished building target: Agenda
 
14:54:20 **** Incremental Build of configuration Debug for project Agenda ****
make all 
Building file: ../src/SGDBFichero.cpp
Invoking: Cross G++ Compiler
g++ -O0 -g3 -Wall -c -fmessage-length=0 -MMD -MP -MF"src/SGDBFichero.d" -MT"src/SGDBFichero.d" -o "src/SGDBFichero.o" "../src/SGDBFichero.cpp"
Finished building: ../src/SGDBFichero.cpp
 
Building file: ../src/main.cpp
Invoking: Cross G++ Compiler
g++ -O0 -g3 -Wall -c -fmessage-length=0 -MMD -MP -MF"src/main.d" -MT"src/main.d" -o "src/main.o" "../src/main.cpp"
Finished building: ../src/main.cpp
 
Building target: Agenda
Invoking: Cross G++ Linker
g++  -o "Agenda"  ./src/Agenda.o ./src/Contacto.o ./src/Direccion.o ./src/RedSocial.o ./src/SGDB.o ./src/SGDBFichero.o ./src/UI.o ./src/main.o   -lpthread
Finished building target: Agenda
 
14:54:39 **** Incremental Build of configuration Debug for project Agenda ****
make all 
Building file: ../src/SGDBFichero.cpp
Invoking: Cross G++ Compiler
g++ -O0 -g3 -Wall -c -fmessage-length=0 -MMD -MP -MF"src/SGDBFichero.d" -MT"src/SGDBFichero.d" -o "src/SGDBFichero.o" "../src/SGDBFichero.cpp"
Finished building: ../src/SGDBFichero.cpp
 
Building file: ../src/main.cpp
Invoking: Cross G++ Compiler
g++ -O0 -g3 -Wall -c -fmessage-length=0 -MMD -MP -MF"src/main.d" -MT"src/main.d" -o "src/main.o" "../src/main.cpp"
Finished building: ../src/main.cpp
 
Building target: Agenda
Invoking: Cross G++ Linker
g++  -o "Agenda"  ./src/Agenda.o ./src/Contacto.o ./src/Direccion.o ./src/RedSocial.o ./src/SGDB.o ./src/SGDBFichero.o ./src/UI.o ./src/main.o   -lpthread
Finished building target: Agenda
 
14:55:33 **** Incremental Build of configuration Debug for project Agenda ****
make all 
Building file: ../src/SGDBFichero.cpp
Invoking: Cross G++ Compiler
g++ -O0 -g3 -Wall -c -fmessage-length=0 -MMD -MP -MF"src/SGDBFichero.d" -MT"src/SGDBFichero.d" -o "src/SGDBFichero.o" "../src/SGDBFichero.cpp"
Finished building: ../src/SGDBFichero.cpp
 
Building file: ../src/main.cpp
Invoking: Cross G++ Compiler
g++ -O0 -g3 -Wall -c -fmessage-length=0 -MMD -MP -MF"src/main.d" -MT"src/main.d" -o "src/main.o" "../src/main.cpp"
Finished building: ../src/main.cpp
 
Building target: Agenda
Invoking: Cross G++ Linker
g++  -o "Agenda"  ./src/Agenda.o ./src/Contacto.o ./src/Direccion.o ./src/RedSocial.o ./src/SGDB.o ./src/SGDBFichero.o ./src/UI.o ./src/main.o   -lpthread
Finished building target: Agenda
 
14:55:55 **** Incremental Build of configuration Debug for project Agenda ****
make all 
Building file: ../src/SGDBFichero.cpp
Invoking: Cross G++ Compiler
g++ -O0 -g3 -Wall -c -fmessage-length=0 -MMD -MP -MF"src/SGDBFichero.d" -MT"src/SGDBFichero.d" -o "src/SGDBFichero.o" "../src/SGDBFichero.cpp"
Finished building: ../src/SGDBFichero.cpp
 
Building file: ../src/main.cpp
Invoking: Cross G++ Compiler
g++ -O0 -g3 -Wall -c -fmessage-length=0 -MMD -MP -MF"src/main.d" -MT"src/main.d" -o "src/main.o" "../src/main.cpp"
Finished building: ../src/main.cpp
 
Building target: Agenda
Invoking: Cross G++ Linker
g++  -o "Agenda"  ./src/Agenda.o ./src/Contacto.o ./src/Direccion.o ./src/RedSocial.o ./src/SGDB.o ./src/SGDBFichero.o ./src/UI.o ./src/main.o   -lpthread
Finished building target: Agenda
 
14:57:44 **** Incremental Build of configuration Debug for project Agenda ****
make all 
Building file: ../src/SGDBFichero.cpp
Invoking: Cross G++ Compiler
g++ -O0 -g3 -Wall -c -fmessage-length=0 -MMD -MP -MF"src/SGDBFichero.d" -MT"src/SGDBFichero.d" -o "src/SGDBFichero.o" "../src/SGDBFichero.cpp"
Finished building: ../src/SGDBFichero.cpp
 
Building file: ../src/main.cpp
Invoking: Cross G++ Compiler
g++ -O0 -g3 -Wall -c -fmessage-length=0 -MMD -MP -MF"src/main.d" -MT"src/main.d" -o "src/main.o" "../src/main.cpp"
Finished building: ../src/main.cpp
 
Building target: Agenda
Invoking: Cross G++ Linker
g++  -o "Agenda"  ./src/Agenda.o ./src/Contacto.o ./src/Direccion.o ./src/RedSocial.o ./src/SGDB.o ./src/SGDBFichero.o ./src/UI.o ./src/main.o   -lpthread
Finished building target: Agenda
 
15:01:42 **** Incremental Build of configuration Debug for project Agenda ****
make all 
Building file: ../src/SGDBFichero.cpp
Invoking: Cross G++ Compiler
g++ -O0 -g3 -Wall -c -fmessage-length=0 -MMD -MP -MF"src/SGDBFichero.d" -MT"src/SGDBFichero.d" -o "src/SGDBFichero.o" "../src/SGDBFichero.cpp"
Finished building: ../src/SGDBFichero.cpp
 
Building file: ../src/main.cpp
Invoking: Cross G++ Compiler
g++ -O0 -g3 -Wall -c -fmessage-length=0 -MMD -MP -MF"src/main.d" -MT"src/main.d" -o "src/main.o" "../src/main.cpp"
Finished building: ../src/main.cpp
 
Building target: Agenda
Invoking: Cross G++ Linker
g++  -o "Agenda"  ./src/Agenda.o ./src/Contacto.o ./src/Direccion.o ./src/RedSocial.o ./src/SGDB.o ./src/SGDBFichero.o ./src/UI.o ./src/main.o   -lpthread
Finished building target: Agenda
 
15:02:17 **** Incremental Build of configuration Debug for project Agenda ****
make all 
Building file: ../src/SGDBFichero.cpp
Invoking: Cross G++ Compiler
g++ -O0 -g3 -Wall -c -fmessage-length=0 -MMD -MP -MF"src/SGDBFichero.d" -MT"src/SGDBFichero.d" -o "src/SGDBFichero.o" "../src/SGDBFichero.cpp"
Finished building: ../src/SGDBFichero.cpp
 
Building file: ../src/main.cpp
Invoking: Cross G++ Compiler
g++ -O0 -g3 -Wall -c -fmessage-length=0 -MMD -MP -MF"src/main.d" -MT"src/main.d" -o "src/main.o" "../src/main.cpp"
Finished building: ../src/main.cpp
 
Building target: Agenda
Invoking: Cross G++ Linker
g++  -o "Agenda"  ./src/Agenda.o ./src/Contacto.o ./src/Direccion.o ./src/RedSocial.o ./src/SGDB.o ./src/SGDBFichero.o ./src/UI.o ./src/main.o   -lpthread
Finished building target: Agenda
 
15:02:42 **** Incremental Build of configuration Debug for project Agenda ****
make all 
Building file: ../src/SGDBFichero.cpp
Invoking: Cross G++ Compiler
g++ -O0 -g3 -Wall -c -fmessage-length=0 -MMD -MP -MF"src/SGDBFichero.d" -MT"src/SGDBFichero.d" -o "src/SGDBFichero.o" "../src/SGDBFichero.cpp"
Finished building: ../src/SGDBFichero.cpp
 
Building file: ../src/main.cpp
Invoking: Cross G++ Compiler
g++ -O0 -g3 -Wall -c -fmessage-length=0 -MMD -MP -MF"src/main.d" -MT"src/main.d" -o "src/main.o" "../src/main.cpp"
Finished building: ../src/main.cpp
 
Building target: Agenda
Invoking: Cross G++ Linker
g++  -o "Agenda"  ./src/Agenda.o ./src/Contacto.o ./src/Direccion.o ./src/RedSocial.o ./src/SGDB.o ./src/SGDBFichero.o ./src/UI.o ./src/main.o   -lpthread
Finished building target: Agenda
 
15:03:56 **** Incremental Build of configuration Debug for project Agenda ****
make all 
Building file: ../src/SGDBFichero.cpp
Invoking: Cross G++ Compiler
g++ -O0 -g3 -Wall -c -fmessage-length=0 -MMD -MP -MF"src/SGDBFichero.d" -MT"src/SGDBFichero.d" -o "src/SGDBFichero.o" "../src/SGDBFichero.cpp"
Finished building: ../src/SGDBFichero.cpp
 
Building file: ../src/main.cpp
Invoking: Cross G++ Compiler
g++ -O0 -g3 -Wall -c -fmessage-length=0 -MMD -MP -MF"src/main.d" -MT"src/main.d" -o "src/main.o" "../src/main.cpp"
Finished building: ../src/main.cpp
 
Building target: Agenda
Invoking: Cross G++ Linker
g++  -o "Agenda"  ./src/Agenda.o ./src/Contacto.o ./src/Direccion.o ./src/RedSocial.o ./src/SGDB.o ./src/SGDBFichero.o ./src/UI.o ./src/main.o   -lpthread
Finished building target: Agenda
 
15:05:01 **** Incremental Build of configuration Debug for project Agenda ****
make all 
Building file: ../src/SGDBFichero.cpp
Invoking: Cross G++ Compiler
g++ -O0 -g3 -Wall -c -fmessage-length=0 -MMD -MP -MF"src/SGDBFichero.d" -MT"src/SGDBFichero.d" -o "src/SGDBFichero.o" "../src/SGDBFichero.cpp"
Finished building: ../src/SGDBFichero.cpp
 
Building file: ../src/main.cpp
Invoking: Cross G++ Compiler
g++ -O0 -g3 -Wall -c -fmessage-length=0 -MMD -MP -MF"src/main.d" -MT"src/main.d" -o "src/main.o" "../src/main.cpp"
Finished building: ../src/main.cpp
 
Building target: Agenda
Invoking: Cross G++ Linker
g++  -o "Agenda"  ./src/Agenda.o ./src/Contacto.o ./src/Direccion.o ./src/RedSocial.o ./src/SGDB.o ./src/SGDBFichero.o ./src/UI.o ./src/main.o   -lpthread
Finished building target: Agenda
 
15:07:48 **** Incremental Build of configuration Debug for project Agenda ****
make all 
Building file: ../src/SGDBFichero.cpp
Invoking: Cross G++ Compiler
g++ -O0 -g3 -Wall -c -fmessage-length=0 -MMD -MP -MF"src/SGDBFichero.d" -MT"src/SGDBFichero.d" -o "src/SGDBFichero.o" "../src/SGDBFichero.cpp"
Finished building: ../src/SGDBFichero.cpp
 
Building file: ../src/main.cpp
Invoking: Cross G++ Compiler
g++ -O0 -g3 -Wall -c -fmessage-length=0 -MMD -MP -MF"src/main.d" -MT"src/main.d" -o "src/main.o" "../src/main.cpp"
Finished building: ../src/main.cpp
 
Building target: Agenda
Invoking: Cross G++ Linker
g++  -o "Agenda"  ./src/Agenda.o ./src/Contacto.o ./src/Direccion.o ./src/RedSocial.o ./src/SGDB.o ./src/SGDBFichero.o ./src/UI.o ./src/main.o   -lpthread
Finished building target: Agenda
 
15:07:57 **** Incremental Build of configuration Debug for project Agenda ****
make all 
make: No se hace nada para «all».
15:08:15 **** Incremental Build of configuration Debug for project Agenda ****
make all 
Building file: ../src/SGDBFichero.cpp
Invoking: Cross G++ Compiler
g++ -O0 -g3 -Wall -c -fmessage-length=0 -MMD -MP -MF"src/SGDBFichero.d" -MT"src/SGDBFichero.d" -o "src/SGDBFichero.o" "../src/SGDBFichero.cpp"
Finished building: ../src/SGDBFichero.cpp
 
Building file: ../src/main.cpp
Invoking: Cross G++ Compiler
g++ -O0 -g3 -Wall -c -fmessage-length=0 -MMD -MP -MF"src/main.d" -MT"src/main.d" -o "src/main.o" "../src/main.cpp"
Finished building: ../src/main.cpp
 
Building target: Agenda
Invoking: Cross G++ Linker
g++  -o "Agenda"  ./src/Agenda.o ./src/Contacto.o ./src/Direccion.o ./src/RedSocial.o ./src/SGDB.o ./src/SGDBFichero.o ./src/UI.o ./src/main.o   -lpthread
Finished building target: Agenda
 
15:08:25 **** Incremental Build of configuration Debug for project Agenda ****
make all 
Building file: ../src/SGDBFichero.cpp
Invoking: Cross G++ Compiler
g++ -O0 -g3 -Wall -c -fmessage-length=0 -MMD -MP -MF"src/SGDBFichero.d" -MT"src/SGDBFichero.d" -o "src/SGDBFichero.o" "../src/SGDBFichero.cpp"
Finished building: ../src/SGDBFichero.cpp
 
Building file: ../src/main.cpp
Invoking: Cross G++ Compiler
g++ -O0 -g3 -Wall -c -fmessage-length=0 -MMD -MP -MF"src/main.d" -MT"src/main.d" -o "src/main.o" "../src/main.cpp"
Finished building: ../src/main.cpp
 
Building target: Agenda
Invoking: Cross G++ Linker
g++  -o "Agenda"  ./src/Agenda.o ./src/Contacto.o ./src/Direccion.o ./src/RedSocial.o ./src/SGDB.o ./src/SGDBFichero.o ./src/UI.o ./src/main.o   -lpthread
Finished building target: Agenda
 
15:09:04 **** Incremental Build of configuration Debug for project Agenda ****
make all 
Building file: ../src/SGDBFichero.cpp
Invoking: Cross G++ Compiler
g++ -O0 -g3 -Wall -c -fmessage-length=0 -MMD -MP -MF"src/SGDBFichero.d" -MT"src/SGDBFichero.d" -o "src/SGDBFichero.o" "../src/SGDBFichero.cpp"
Finished building: ../src/SGDBFichero.cpp
 
Building file: ../src/main.cpp
Invoking: Cross G++ Compiler
g++ -O0 -g3 -Wall -c -fmessage-length=0 -MMD -MP -MF"src/main.d" -MT"src/main.d" -o "src/main.o" "../src/main.cpp"
Finished building: ../src/main.cpp
 
Building target: Agenda
Invoking: Cross G++ Linker
g++  -o "Agenda"  ./src/Agenda.o ./src/Contacto.o ./src/Direccion.o ./src/RedSocial.o ./src/SGDB.o ./src/SGDBFichero.o ./src/UI.o ./src/main.o   -lpthread
Finished building target: Agenda
 
15:09:27 **** Incremental Build of configuration Debug for project Agenda ****
make all 
Building file: ../src/SGDBFichero.cpp
Invoking: Cross G++ Compiler
g++ -O0 -g3 -Wall -c -fmessage-length=0 -MMD -MP -MF"src/SGDBFichero.d" -MT"src/SGDBFichero.d" -o "src/SGDBFichero.o" "../src/SGDBFichero.cpp"
Finished building: ../src/SGDBFichero.cpp
 
Building file: ../src/main.cpp
Invoking: Cross G++ Compiler
g++ -O0 -g3 -Wall -c -fmessage-length=0 -MMD -MP -MF"src/main.d" -MT"src/main.d" -o "src/main.o" "../src/main.cpp"
Finished building: ../src/main.cpp
 
Building target: Agenda
Invoking: Cross G++ Linker
g++  -o "Agenda"  ./src/Agenda.o ./src/Contacto.o ./src/Direccion.o ./src/RedSocial.o ./src/SGDB.o ./src/SGDBFichero.o ./src/UI.o ./src/main.o   -lpthread
Finished building target: Agenda
 
15:10:01 **** Incremental Build of configuration Debug for project Agenda ****
make all 
Building file: ../src/SGDBFichero.cpp
Invoking: Cross G++ Compiler
g++ -O0 -g3 -Wall -c -fmessage-length=0 -MMD -MP -MF"src/SGDBFichero.d" -MT"src/SGDBFichero.d" -o "src/SGDBFichero.o" "../src/SGDBFichero.cpp"
Finished building: ../src/SGDBFichero.cpp
 
Building file: ../src/main.cpp
Invoking: Cross G++ Compiler
g++ -O0 -g3 -Wall -c -fmessage-length=0 -MMD -MP -MF"src/main.d" -MT"src/main.d" -o "src/main.o" "../src/main.cpp"
Finished building: ../src/main.cpp
 
Building target: Agenda
Invoking: Cross G++ Linker
g++  -o "Agenda"  ./src/Agenda.o ./src/Contacto.o ./src/Direccion.o ./src/RedSocial.o ./src/SGDB.o ./src/SGDBFichero.o ./src/UI.o ./src/main.o   -lpthread
Finished building target: Agenda
 
15:10:21 **** Incremental Build of configuration Debug for project Agenda ****
make all 
Building file: ../src/SGDBFichero.cpp
Invoking: Cross G++ Compiler
g++ -O0 -g3 -Wall -c -fmessage-length=0 -MMD -MP -MF"src/SGDBFichero.d" -MT"src/SGDBFichero.d" -o "src/SGDBFichero.o" "../src/SGDBFichero.cpp"
Finished building: ../src/SGDBFichero.cpp
 
Building file: ../src/main.cpp
Invoking: Cross G++ Compiler
g++ -O0 -g3 -Wall -c -fmessage-length=0 -MMD -MP -MF"src/main.d" -MT"src/main.d" -o "src/main.o" "../src/main.cpp"
Finished building: ../src/main.cpp
 
Building target: Agenda
Invoking: Cross G++ Linker
g++  -o "Agenda"  ./src/Agenda.o ./src/Contacto.o ./src/Direccion.o ./src/RedSocial.o ./src/SGDB.o ./src/SGDBFichero.o ./src/UI.o ./src/main.o   -lpthread
Finished building target: Agenda
 
15:10:43 **** Incremental Build of configuration Debug for project Agenda ****
make all 
Building file: ../src/SGDBFichero.cpp
Invoking: Cross G++ Compiler
g++ -O0 -g3 -Wall -c -fmessage-length=0 -MMD -MP -MF"src/SGDBFichero.d" -MT"src/SGDBFichero.d" -o "src/SGDBFichero.o" "../src/SGDBFichero.cpp"
Finished building: ../src/SGDBFichero.cpp
 
Building file: ../src/main.cpp
Invoking: Cross G++ Compiler
g++ -O0 -g3 -Wall -c -fmessage-length=0 -MMD -MP -MF"src/main.d" -MT"src/main.d" -o "src/main.o" "../src/main.cpp"
Finished building: ../src/main.cpp
 
Building target: Agenda
Invoking: Cross G++ Linker
g++  -o "Agenda"  ./src/Agenda.o ./src/Contacto.o ./src/Direccion.o ./src/RedSocial.o ./src/SGDB.o ./src/SGDBFichero.o ./src/UI.o ./src/main.o   -lpthread
Finished building target: Agenda
 
15:11:50 **** Incremental Build of configuration Debug for project Agenda ****
make all 
Building file: ../src/Contacto.cpp
Invoking: Cross G++ Compiler
g++ -O0 -g3 -Wall -c -fmessage-length=0 -MMD -MP -MF"src/Contacto.d" -MT"src/Contacto.d" -o "src/Contacto.o" "../src/Contacto.cpp"
Finished building: ../src/Contacto.cpp
 
Building target: Agenda
Invoking: Cross G++ Linker
g++  -o "Agenda"  ./src/Agenda.o ./src/Contacto.o ./src/Direccion.o ./src/RedSocial.o ./src/SGDB.o ./src/SGDBFichero.o ./src/UI.o ./src/main.o   -lpthread
Finished building target: Agenda
 
15:12:12 **** Incremental Build of configuration Debug for project Agenda ****
make all 
Building file: ../src/Contacto.cpp
Invoking: Cross G++ Compiler
g++ -O0 -g3 -Wall -c -fmessage-length=0 -MMD -MP -MF"src/Contacto.d" -MT"src/Contacto.d" -o "src/Contacto.o" "../src/Contacto.cpp"
Finished building: ../src/Contacto.cpp
 
Building target: Agenda
Invoking: Cross G++ Linker
g++  -o "Agenda"  ./src/Agenda.o ./src/Contacto.o ./src/Direccion.o ./src/RedSocial.o ./src/SGDB.o ./src/SGDBFichero.o ./src/UI.o ./src/main.o   -lpthread
Finished building target: Agenda
 
15:58:12 **** Incremental Build of configuration Debug for project Agenda ****
make all 
Building file: ../src/Contacto.cpp
Invoking: Cross G++ Compiler
g++ -O0 -g3 -Wall -c -fmessage-length=0 -MMD -MP -MF"src/Contacto.d" -MT"src/Contacto.d" -o "src/Contacto.o" "../src/Contacto.cpp"
Finished building: ../src/Contacto.cpp
 
Building target: Agenda
Invoking: Cross G++ Linker
g++  -o "Agenda"  ./src/Agenda.o ./src/Contacto.o ./src/Direccion.o ./src/RedSocial.o ./src/SGDB.o ./src/SGDBFichero.o ./src/UI.o ./src/main.o   -lpthread
Finished building target: Agenda
 
15:58:35 **** Incremental Build of configuration Debug for project Agenda ****
make all 
Building file: ../src/Contacto.cpp
Invoking: Cross G++ Compiler
g++ -O0 -g3 -Wall -c -fmessage-length=0 -MMD -MP -MF"src/Contacto.d" -MT"src/Contacto.d" -o "src/Contacto.o" "../src/Contacto.cpp"
Finished building: ../src/Contacto.cpp
 
Building target: Agenda
Invoking: Cross G++ Linker
g++  -o "Agenda"  ./src/Agenda.o ./src/Contacto.o ./src/Direccion.o ./src/RedSocial.o ./src/SGDB.o ./src/SGDBFichero.o ./src/UI.o ./src/main.o   -lpthread
Finished building target: Agenda
 
15:59:05 **** Incremental Build of configuration Debug for project Agenda ****
make all 
Building file: ../src/Contacto.cpp
Invoking: Cross G++ Compiler
g++ -O0 -g3 -Wall -c -fmessage-length=0 -MMD -MP -MF"src/Contacto.d" -MT"src/Contacto.d" -o "src/Contacto.o" "../src/Contacto.cpp"
Finished building: ../src/Contacto.cpp
 
Building target: Agenda
Invoking: Cross G++ Linker
g++  -o "Agenda"  ./src/Agenda.o ./src/Contacto.o ./src/Direccion.o ./src/RedSocial.o ./src/SGDB.o ./src/SGDBFichero.o ./src/UI.o ./src/main.o   -lpthread
Finished building target: Agenda
 
15:59:24 **** Incremental Build of configuration Debug for project Agenda ****
make all 
Building file: ../src/Contacto.cpp
Invoking: Cross G++ Compiler
g++ -O0 -g3 -Wall -c -fmessage-length=0 -MMD -MP -MF"src/Contacto.d" -MT"src/Contacto.d" -o "src/Contacto.o" "../src/Contacto.cpp"
Finished building: ../src/Contacto.cpp
 
Building target: Agenda
Invoking: Cross G++ Linker
g++  -o "Agenda"  ./src/Agenda.o ./src/Contacto.o ./src/Direccion.o ./src/RedSocial.o ./src/SGDB.o ./src/SGDBFichero.o ./src/UI.o ./src/main.o   -lpthread
Finished building target: Agenda
 
15:59:39 **** Incremental Build of configuration Debug for project Agenda ****
make all 
Building file: ../src/Contacto.cpp
Invoking: Cross G++ Compiler
g++ -O0 -g3 -Wall -c -fmessage-length=0 -MMD -MP -MF"src/Contacto.d" -MT"src/Contacto.d" -o "src/Contacto.o" "../src/Contacto.cpp"
Finished building: ../src/Contacto.cpp
 
Building target: Agenda
Invoking: Cross G++ Linker
g++  -o "Agenda"  ./src/Agenda.o ./src/Contacto.o ./src/Direccion.o ./src/RedSocial.o ./src/SGDB.o ./src/SGDBFichero.o ./src/UI.o ./src/main.o   -lpthread
Finished building target: Agenda
 
16:01:07 **** Incremental Build of configuration Debug for project Agenda ****
make all 
Building file: ../src/Contacto.cpp
Invoking: Cross G++ Compiler
g++ -O0 -g3 -Wall -c -fmessage-length=0 -MMD -MP -MF"src/Contacto.d" -MT"src/Contacto.d" -o "src/Contacto.o" "../src/Contacto.cpp"
Finished building: ../src/Contacto.cpp
 
Building target: Agenda
Invoking: Cross G++ Linker
g++  -o "Agenda"  ./src/Agenda.o ./src/Contacto.o ./src/Direccion.o ./src/RedSocial.o ./src/SGDB.o ./src/SGDBFichero.o ./src/UI.o ./src/main.o   -lpthread
Finished building target: Agenda
 
16:03:50 **** Incremental Build of configuration Debug for project Agenda ****
make all 
Building file: ../src/Contacto.cpp
Invoking: Cross G++ Compiler
g++ -O0 -g3 -Wall -c -fmessage-length=0 -MMD -MP -MF"src/Contacto.d" -MT"src/Contacto.d" -o "src/Contacto.o" "../src/Contacto.cpp"
Finished building: ../src/Contacto.cpp
 
Building file: ../src/SGDBFichero.cpp
Invoking: Cross G++ Compiler
g++ -O0 -g3 -Wall -c -fmessage-length=0 -MMD -MP -MF"src/SGDBFichero.d" -MT"src/SGDBFichero.d" -o "src/SGDBFichero.o" "../src/SGDBFichero.cpp"
Finished building: ../src/SGDBFichero.cpp
 
Building file: ../src/main.cpp
Invoking: Cross G++ Compiler
g++ -O0 -g3 -Wall -c -fmessage-length=0 -MMD -MP -MF"src/main.d" -MT"src/main.d" -o "src/main.o" "../src/main.cpp"
Finished building: ../src/main.cpp
 
Building target: Agenda
Invoking: Cross G++ Linker
g++  -o "Agenda"  ./src/Agenda.o ./src/Contacto.o ./src/Direccion.o ./src/RedSocial.o ./src/SGDB.o ./src/SGDBFichero.o ./src/UI.o ./src/main.o   -lpthread
Finished building target: Agenda
 
16:04:13 **** Incremental Build of configuration Debug for project Agenda ****
make all 
make: No se hace nada para «all».
16:12:50 **** Incremental Build of configuration Debug for project Agenda ****
make all 
make: No se hace nada para «all».
16:21:08 **** Incremental Build of configuration Debug for project Agenda ****
make all 
make: No se hace nada para «all».
17:13:53 **** Incremental Build of configuration Debug for project Agenda ****
make all 
Building file: ../src/Agenda.cpp
Invoking: Cross G++ Compiler
g++ -O0 -g3 -Wall -c -fmessage-length=0 -MMD -MP -MF"src/Agenda.d" -MT"src/Agenda.d" -o "src/Agenda.o" "../src/Agenda.cpp"
Finished building: ../src/Agenda.cpp
 
Building file: ../src/SGDB.cpp
Invoking: Cross G++ Compiler
g++ -O0 -g3 -Wall -c -fmessage-length=0 -MMD -MP -MF"src/SGDB.d" -MT"src/SGDB.d" -o "src/SGDB.o" "../src/SGDB.cpp"
Finished building: ../src/SGDB.cpp
 
Building file: ../src/SGDBFichero.cpp
Invoking: Cross G++ Compiler
g++ -O0 -g3 -Wall -c -fmessage-length=0 -MMD -MP -MF"src/SGDBFichero.d" -MT"src/SGDBFichero.d" -o "src/SGDBFichero.o" "../src/SGDBFichero.cpp"
Finished building: ../src/SGDBFichero.cpp
 
Building file: ../src/UI.cpp
Invoking: Cross G++ Compiler
g++ -O0 -g3 -Wall -c -fmessage-length=0 -MMD -MP -MF"src/UI.d" -MT"src/UI.d" -o "src/UI.o" "../src/UI.cpp"
Finished building: ../src/UI.cpp
 
Building file: ../src/main.cpp
Invoking: Cross G++ Compiler
g++ -O0 -g3 -Wall -c -fmessage-length=0 -MMD -MP -MF"src/main.d" -MT"src/main.d" -o "src/main.o" "../src/main.cpp"
Finished building: ../src/main.cpp
 
Building target: Agenda
Invoking: Cross G++ Linker
g++  -o "Agenda"  ./src/Agenda.o ./src/Contacto.o ./src/Direccion.o ./src/RedSocial.o ./src/SGDB.o ./src/SGDBFichero.o ./src/UI.o ./src/main.o   -lpthread
Finished building target: Agenda
 
17:16:21 **** Incremental Build of configuration Debug for project Agenda ****
make all 
Building file: ../src/Agenda.cpp
Invoking: Cross G++ Compiler
g++ -O0 -g3 -Wall -c -fmessage-length=0 -MMD -MP -MF"src/Agenda.d" -MT"src/Agenda.d" -o "src/Agenda.o" "../src/Agenda.cpp"
Finished building: ../src/Agenda.cpp
 
Building file: ../src/Contacto.cpp
Invoking: Cross G++ Compiler
g++ -O0 -g3 -Wall -c -fmessage-length=0 -MMD -MP -MF"src/Contacto.d" -MT"src/Contacto.d" -o "src/Contacto.o" "../src/Contacto.cpp"
Finished building: ../src/Contacto.cpp
 
Building file: ../src/SGDB.cpp
Invoking: Cross G++ Compiler
g++ -O0 -g3 -Wall -c -fmessage-length=0 -MMD -MP -MF"src/SGDB.d" -MT"src/SGDB.d" -o "src/SGDB.o" "../src/SGDB.cpp"
Finished building: ../src/SGDB.cpp
 
Building file: ../src/SGDBFichero.cpp
Invoking: Cross G++ Compiler
g++ -O0 -g3 -Wall -c -fmessage-length=0 -MMD -MP -MF"src/SGDBFichero.d" -MT"src/SGDBFichero.d" -o "src/SGDBFichero.o" "../src/SGDBFichero.cpp"
Finished building: ../src/SGDBFichero.cpp
 
Building file: ../src/UI.cpp
Invoking: Cross G++ Compiler
g++ -O0 -g3 -Wall -c -fmessage-length=0 -MMD -MP -MF"src/UI.d" -MT"src/UI.d" -o "src/UI.o" "../src/UI.cpp"
Finished building: ../src/UI.cpp
 
Building file: ../src/main.cpp
Invoking: Cross G++ Compiler
g++ -O0 -g3 -Wall -c -fmessage-length=0 -MMD -MP -MF"src/main.d" -MT"src/main.d" -o "src/main.o" "../src/main.cpp"
Finished building: ../src/main.cpp
 
Building target: Agenda
Invoking: Cross G++ Linker
g++  -o "Agenda"  ./src/Agenda.o ./src/Contacto.o ./src/Direccion.o ./src/RedSocial.o ./src/SGDB.o ./src/SGDBFichero.o ./src/UI.o ./src/main.o   -lpthread
Finished building target: Agenda
 
17:17:08 **** Incremental Build of configuration Debug for project Agenda ****
make all 
Building file: ../src/Agenda.cpp
Invoking: Cross G++ Compiler
g++ -O0 -g3 -Wall -c -fmessage-length=0 -MMD -MP -MF"src/Agenda.d" -MT"src/Agenda.d" -o "src/Agenda.o" "../src/Agenda.cpp"
Finished building: ../src/Agenda.cpp
 
Building file: ../src/Contacto.cpp
Invoking: Cross G++ Compiler
g++ -O0 -g3 -Wall -c -fmessage-length=0 -MMD -MP -MF"src/Contacto.d" -MT"src/Contacto.d" -o "src/Contacto.o" "../src/Contacto.cpp"
Finished building: ../src/Contacto.cpp
 
Building file: ../src/SGDB.cpp
Invoking: Cross G++ Compiler
g++ -O0 -g3 -Wall -c -fmessage-length=0 -MMD -MP -MF"src/SGDB.d" -MT"src/SGDB.d" -o "src/SGDB.o" "../src/SGDB.cpp"
Finished building: ../src/SGDB.cpp
 
Building file: ../src/SGDBFichero.cpp
Invoking: Cross G++ Compiler
g++ -O0 -g3 -Wall -c -fmessage-length=0 -MMD -MP -MF"src/SGDBFichero.d" -MT"src/SGDBFichero.d" -o "src/SGDBFichero.o" "../src/SGDBFichero.cpp"
Finished building: ../src/SGDBFichero.cpp
 
Building file: ../src/UI.cpp
Invoking: Cross G++ Compiler
g++ -O0 -g3 -Wall -c -fmessage-length=0 -MMD -MP -MF"src/UI.d" -MT"src/UI.d" -o "src/UI.o" "../src/UI.cpp"
Finished building: ../src/UI.cpp
 
Building file: ../src/main.cpp
Invoking: Cross G++ Compiler
g++ -O0 -g3 -Wall -c -fmessage-length=0 -MMD -MP -MF"src/main.d" -MT"src/main.d" -o "src/main.o" "../src/main.cpp"
Finished building: ../src/main.cpp
 
Building target: Agenda
Invoking: Cross G++ Linker
g++  -o "Agenda"  ./src/Agenda.o ./src/Contacto.o ./src/Direccion.o ./src/RedSocial.o ./src/SGDB.o ./src/SGDBFichero.o ./src/UI.o ./src/main.o   -lpthread
Finished building target: Agenda
 
17:19:23 **** Incremental Build of configuration Debug for project Agenda ****
make all 
Building file: ../src/Agenda.cpp
Invoking: Cross G++ Compiler
g++ -O0 -g3 -Wall -c -fmessage-length=0 -MMD -MP -MF"src/Agenda.d" -MT"src/Agenda.d" -o "src/Agenda.o" "../src/Agenda.cpp"
Finished building: ../src/Agenda.cpp
 
Building file: ../src/Contacto.cpp
Invoking: Cross G++ Compiler
g++ -O0 -g3 -Wall -c -fmessage-length=0 -MMD -MP -MF"src/Contacto.d" -MT"src/Contacto.d" -o "src/Contacto.o" "../src/Contacto.cpp"
Finished building: ../src/Contacto.cpp
 
Building file: ../src/Direccion.cpp
Invoking: Cross G++ Compiler
g++ -O0 -g3 -Wall -c -fmessage-length=0 -MMD -MP -MF"src/Direccion.d" -MT"src/Direccion.d" -o "src/Direccion.o" "../src/Direccion.cpp"
Finished building: ../src/Direccion.cpp
 
Building file: ../src/RedSocial.cpp
Invoking: Cross G++ Compiler
g++ -O0 -g3 -Wall -c -fmessage-length=0 -MMD -MP -MF"src/RedSocial.d" -MT"src/RedSocial.d" -o "src/RedSocial.o" "../src/RedSocial.cpp"
Finished building: ../src/RedSocial.cpp
 
Building file: ../src/SGDB.cpp
Invoking: Cross G++ Compiler
g++ -O0 -g3 -Wall -c -fmessage-length=0 -MMD -MP -MF"src/SGDB.d" -MT"src/SGDB.d" -o "src/SGDB.o" "../src/SGDB.cpp"
Finished building: ../src/SGDB.cpp
 
Building file: ../src/SGDBFichero.cpp
Invoking: Cross G++ Compiler
g++ -O0 -g3 -Wall -c -fmessage-length=0 -MMD -MP -MF"src/SGDBFichero.d" -MT"src/SGDBFichero.d" -o "src/SGDBFichero.o" "../src/SGDBFichero.cpp"
Finished building: ../src/SGDBFichero.cpp
 
Building file: ../src/UI.cpp
Invoking: Cross G++ Compiler
g++ -O0 -g3 -Wall -c -fmessage-length=0 -MMD -MP -MF"src/UI.d" -MT"src/UI.d" -o "src/UI.o" "../src/UI.cpp"
Finished building: ../src/UI.cpp
 
Building file: ../src/main.cpp
Invoking: Cross G++ Compiler
g++ -O0 -g3 -Wall -c -fmessage-length=0 -MMD -MP -MF"src/main.d" -MT"src/main.d" -o "src/main.o" "../src/main.cpp"
Finished building: ../src/main.cpp
 
Building target: Agenda
Invoking: Cross G++ Linker
g++  -o "Agenda"  ./src/Agenda.o ./src/Contacto.o ./src/Direccion.o ./src/RedSocial.o ./src/SGDB.o ./src/SGDBFichero.o ./src/UI.o ./src/main.o   -lpthread
Finished building target: Agenda
 
17:21:13 **** Incremental Build of configuration Debug for project Agenda ****
make all 
Building file: ../src/Agenda.cpp
Invoking: Cross G++ Compiler
g++ -O0 -g3 -Wall -c -fmessage-length=0 -MMD -MP -MF"src/Agenda.d" -MT"src/Agenda.d" -o "src/Agenda.o" "../src/Agenda.cpp"
Finished building: ../src/Agenda.cpp
 
Building target: Agenda
Invoking: Cross G++ Linker
g++  -o "Agenda"  ./src/Agenda.o ./src/Contacto.o ./src/Direccion.o ./src/RedSocial.o ./src/SGDB.o ./src/SGDBFichero.o ./src/UI.o ./src/main.o   -lpthread
Finished building target: Agenda
 
17:24:07 **** Incremental Build of configuration Debug for project Agenda ****
make all 
Building file: ../src/Agenda.cpp
Invoking: Cross G++ Compiler
g++ -O0 -g3 -Wall -c -fmessage-length=0 -MMD -MP -MF"src/Agenda.d" -MT"src/Agenda.d" -o "src/Agenda.o" "../src/Agenda.cpp"
Finished building: ../src/Agenda.cpp
 
Building target: Agenda
Invoking: Cross G++ Linker
g++  -o "Agenda"  ./src/Agenda.o ./src/Contacto.o ./src/Direccion.o ./src/RedSocial.o ./src/SGDB.o ./src/SGDBFichero.o ./src/UI.o ./src/main.o   -lpthread
Finished building target: Agenda
 
